2018-07-19 18:40:26,528 INFO [main] com.xxl.job.executor.Application [StartupInfoLogger.java : 48] Starting Application on yangtaodeMacBook-Pro.local with PID 6977 (/Library/Java/workspace/xxl-job-1.9.1/xxl-job-executor-samples/xxl-job-executor-sample-springboot/target/classes started by yangtao in /Library/Java/workspace/xxl-job-1.9.1)
2018-07-19 18:40:26,533 INFO [main] com.xxl.job.executor.Application [SpringApplication.java : 593] No active profile set, falling back to default profiles: default
2018-07-19 18:40:26,749 INFO [background-preinit] o.h.validator.internal.util.Version [Version.java : 30] HV000001: Hibernate Validator 5.3.6.Final
2018-07-19 18:40:27,044 INFO [main] o.s.b.c.e.AnnotationConfigEmbeddedWebApplicationContext [AbstractApplicationContext.java : 583] Refreshing org.springframework.boot.context.embedded.AnnotationConfigEmbeddedWebApplicationContext@3d9c13b5: startup date [Thu Jul 19 18:40:27 CST 2018]; root of context hierarchy
2018-07-19 18:40:28,802 INFO [main] o.s.b.c.e.t.TomcatEmbeddedServletContainer [TomcatEmbeddedServletContainer.java : 89] Tomcat initialized with port(s): 8081 (http)
2018-07-19 18:40:28,821 INFO [main] o.a.catalina.core.StandardService [DirectJDKLog.java : 180] Starting service [Tomcat]
2018-07-19 18:40:28,826 INFO [main] o.a.catalina.core.StandardEngine [DirectJDKLog.java : 180] Starting Servlet Engine: Apache Tomcat/8.5.27
2018-07-19 18:40:28,968 INFO [localhost-startStop-1] o.a.c.c.C.[Tomcat].[localhost].[/] [DirectJDKLog.java : 180] Initializing Spring embedded WebApplicationContext
2018-07-19 18:40:28,969 INFO [localhost-startStop-1] o.s.web.context.ContextLoader [EmbeddedWebApplicationContext.java : 276] Root WebApplicationContext: initialization completed in 1924 ms
2018-07-19 18:40:29,106 INFO [localhost-startStop-1] o.s.b.w.s.ServletRegistrationBean [ServletRegistrationBean.java : 190] Mapping servlet: 'dispatcherServlet' to [/]
2018-07-19 18:40:29,115 INFO [localhost-startStop-1] o.s.b.w.s.FilterRegistrationBean [AbstractFilterRegistrationBean.java : 258] Mapping filter: 'characterEncodingFilter' to: [/*]
2018-07-19 18:40:29,116 INFO [localhost-startStop-1] o.s.b.w.s.FilterRegistrationBean [AbstractFilterRegistrationBean.java : 258] Mapping filter: 'hiddenHttpMethodFilter' to: [/*]
2018-07-19 18:40:29,116 INFO [localhost-startStop-1] o.s.b.w.s.FilterRegistrationBean [AbstractFilterRegistrationBean.java : 258] Mapping filter: 'httpPutFormContentFilter' to: [/*]
2018-07-19 18:40:29,116 INFO [localhost-startStop-1] o.s.b.w.s.FilterRegistrationBean [AbstractFilterRegistrationBean.java : 258] Mapping filter: 'requestContextFilter' to: [/*]
2018-07-19 18:40:29,178 INFO [main] c.x.j.e.core.config.XxlJobConfig [XxlJobConfig.java : 45] >>>>>>>>>>> xxl-job config init.
2018-07-19 18:40:29,208 INFO [main] c.x.job.core.executor.XxlJobExecutor [XxlJobExecutor.java : 147] >>>>>>>>>>> xxl-job register jobhandler success, name:demoJobHandler, jobHandler:com.xxl.job.executor.service.jobhandler.DemoJobHandler@636bbbbb
2018-07-19 18:40:29,209 INFO [main] c.x.job.core.executor.XxlJobExecutor [XxlJobExecutor.java : 147] >>>>>>>>>>> xxl-job register jobhandler success, name:shardingJobHandler, jobHandler:com.xxl.job.executor.service.jobhandler.ShardingJobHandler@7eae3764
2018-07-19 18:40:29,226 INFO [Thread-9] org.eclipse.jetty.util.log [Log.java : 186] Logging initialized @4522ms
2018-07-19 18:40:29,267 INFO [Thread-9] org.eclipse.jetty.server.Server [Server.java : 327] jetty-9.2.24.v20180105
2018-07-19 18:40:29,327 INFO [Thread-9] o.e.jetty.server.ServerConnector [AbstractConnector.java : 266] Started ServerConnector@2d68f950{HTTP/1.1}{0.0.0.0:9999}
2018-07-19 18:40:29,330 INFO [Thread-9] org.eclipse.jetty.server.Server [Server.java : 379] Started @4625ms
2018-07-19 18:40:29,331 INFO [Thread-9] c.x.j.c.r.n.jetty.server.JettyServer [JettyServer.java : 47] >>>>>>>>>>> xxl-job jetty server start success at port:9999.
2018-07-19 18:40:29,736 INFO [main] o.s.w.s.m.m.a.RequestMappingHandlerAdapter [RequestMappingHandlerAdapter.java : 534] Looking for @ControllerAdvice: org.springframework.boot.context.embedded.AnnotationConfigEmbeddedWebApplicationContext@3d9c13b5: startup date [Thu Jul 19 18:40:27 CST 2018]; root of context hierarchy
2018-07-19 18:40:29,848 INFO [main] o.s.w.s.m.m.a.RequestMappingHandlerMapping [AbstractHandlerMethodMapping.java : 543] Mapped "{[/error]}" onto public org.springframework.http.ResponseEntity<java.util.Map<java.lang.String, java.lang.Object>> org.springframework.boot.autoconfigure.web.BasicErrorController.error(javax.servlet.http.HttpServletRequest)
2018-07-19 18:40:29,849 INFO [main] o.s.w.s.m.m.a.RequestMappingHandlerMapping [AbstractHandlerMethodMapping.java : 543] Mapped "{[/error],produces=[text/html]}" onto public org.springframework.web.servlet.ModelAndView org.springframework.boot.autoconfigure.web.BasicErrorController.errorHtml(javax.servlet.http.HttpServletRequest,javax.servlet.http.HttpServletResponse)
2018-07-19 18:40:29,887 INFO [main] o.s.w.s.h.SimpleUrlHandlerMapping [AbstractUrlHandlerMapping.java : 362] Mapped URL path [/webjars/**] onto handler of type [class org.springframework.web.servlet.resource.ResourceHttpRequestHandler]
2018-07-19 18:40:29,888 INFO [main] o.s.w.s.h.SimpleUrlHandlerMapping [AbstractUrlHandlerMapping.java : 362] Mapped URL path [/**] onto handler of type [class org.springframework.web.servlet.resource.ResourceHttpRequestHandler]
2018-07-19 18:40:29,938 INFO [main] o.s.w.s.h.SimpleUrlHandlerMapping [AbstractUrlHandlerMapping.java : 362] Mapped URL path [/**/favicon.ico] onto handler of type [class org.springframework.web.servlet.resource.ResourceHttpRequestHandler]
2018-07-19 18:40:30,121 INFO [Thread-13] c.x.j.c.t.ExecutorRegistryThread [ExecutorRegistryThread.java : 60] >>>>>>>>>>> xxl-job registry success, registryParam:RegistryParam{registGroup='EXECUTOR', registryKey='xxl-job-executor-sample', registryValue='10.17.136.234:9999'}, registryResult:ReturnT [code=200, msg=null, content=null]
2018-07-19 18:40:30,599 INFO [main] o.s.j.e.a.AnnotationMBeanExporter [MBeanExporter.java : 431] Registering beans for JMX exposure on startup
2018-07-19 18:40:30,618 INFO [main] o.a.coyote.http11.Http11NioProtocol [DirectJDKLog.java : 180] Initializing ProtocolHandler ["http-nio-8081"]
2018-07-19 18:40:30,628 INFO [main] o.a.coyote.http11.Http11NioProtocol [DirectJDKLog.java : 180] Starting ProtocolHandler ["http-nio-8081"]
2018-07-19 18:40:30,628 INFO [main] o.a.tomcat.util.net.NioSelectorPool [DirectJDKLog.java : 180] Using a shared selector for servlet write/read
2018-07-19 18:40:30,648 INFO [main] o.s.b.c.e.t.TomcatEmbeddedServletContainer [TomcatEmbeddedServletContainer.java : 201] Tomcat started on port(s): 8081 (http)
2018-07-19 18:40:30,651 INFO [main] com.xxl.job.executor.Application [StartupInfoLogger.java : 57] Started Application in 4.917 seconds (JVM running for 5.947)
2018-07-19 18:41:00,144 INFO [Thread-13] c.x.j.c.t.ExecutorRegistryThread [ExecutorRegistryThread.java : 60] >>>>>>>>>>> xxl-job registry success, registryParam:RegistryParam{registGroup='EXECUTOR', registryKey='xxl-job-executor-sample', registryValue='10.17.136.234:9999'}, registryResult:ReturnT [code=200, msg=null, content=null]
2018-07-19 18:41:07,810 INFO [Thread-19] o.s.b.c.e.AnnotationConfigEmbeddedWebApplicationContext [AbstractApplicationContext.java : 984] Closing org.springframework.boot.context.embedded.AnnotationConfigEmbeddedWebApplicationContext@3d9c13b5: startup date [Thu Jul 19 18:40:27 CST 2018]; root of context hierarchy
2018-07-19 18:41:07,813 INFO [Thread-19] o.s.j.e.a.AnnotationMBeanExporter [MBeanExporter.java : 449] Unregistering JMX-exposed beans on shutdown
2018-07-19 18:41:07,817 ERROR [Thread-13] c.x.j.c.t.ExecutorRegistryThread [ExecutorRegistryThread.java : 77] sleep interrupted
java.lang.InterruptedException: sleep interrupted
	at java.lang.Thread.sleep(Native Method)
	at java.lang.Thread.sleep(Thread.java:340)
	at java.util.concurrent.TimeUnit.sleep(TimeUnit.java:386)
	at com.xxl.job.core.thread.ExecutorRegistryThread$1.run(ExecutorRegistryThread.java:75)
	at java.lang.Thread.run(Thread.java:748)
2018-07-19 18:41:07,835 INFO [Thread-13] c.x.j.c.t.ExecutorRegistryThread [ExecutorRegistryThread.java : 89] >>>>>>>>>>> xxl-job registry-remove success, registryParam:RegistryParam{registGroup='EXECUTOR', registryKey='xxl-job-executor-sample', registryValue='10.17.136.234:9999'}, registryResult:ReturnT [code=200, msg=null, content=null]
2018-07-19 18:41:07,836 INFO [Thread-13] c.x.j.c.t.ExecutorRegistryThread [ExecutorRegistryThread.java : 102] >>>>>>>>>>> xxl-job, executor registry thread destory.
2018-07-19 18:41:07,836 ERROR [Thread-14] c.x.j.c.thread.TriggerCallbackThread [TriggerCallbackThread.java : 69] null
java.lang.InterruptedException: null
	at java.util.concurrent.locks.AbstractQueuedSynchronizer$ConditionObject.reportInterruptAfterWait(AbstractQueuedSynchronizer.java:2014)
	at java.util.concurrent.locks.AbstractQueuedSynchronizer$ConditionObject.await(AbstractQueuedSynchronizer.java:2048)
	at java.util.concurrent.LinkedBlockingQueue.take(LinkedBlockingQueue.java:442)
	at com.xxl.job.core.thread.TriggerCallbackThread$1.run(TriggerCallbackThread.java:55)
	at java.lang.Thread.run(Thread.java:748)
2018-07-19 18:41:07,836 INFO [Thread-14] c.x.j.c.thread.TriggerCallbackThread [TriggerCallbackThread.java : 83] >>>>>>>>>>> xxl-job, executor callback thread destory.
2018-07-19 18:41:07,847 INFO [Thread-19] o.e.jetty.server.ServerConnector [AbstractConnector.java : 306] Stopped ServerConnector@2d68f950{HTTP/1.1}{0.0.0.0:9999}
2018-07-19 18:41:07,847 INFO [Thread-19] c.x.j.c.r.n.jetty.server.JettyServer [JettyServer.java : 89] >>>>>>>>>>> xxl-rpc server destroy success, netcon=com.xxl.job.core.rpc.netcom.jetty.server.JettyServer
2018-07-19 18:41:07,847 INFO [Thread-9] c.x.j.c.r.n.jetty.server.JettyServer [JettyServer.java : 56] >>>>>>>>>>> xxl-rpc server join success, netcon=com.xxl.job.core.rpc.netcom.jetty.server.JettyServer, port=9999
2018-07-19 18:41:23,860 INFO [main] com.xxl.job.executor.Application [StartupInfoLogger.java : 48] Starting Application on yangtaodeMacBook-Pro.local with PID 6995 (/Library/Java/workspace/xxl-job-1.9.1/xxl-job-executor-samples/xxl-job-executor-sample-springboot/target/classes started by yangtao in /Library/Java/workspace/xxl-job-1.9.1)
2018-07-19 18:41:23,864 INFO [main] com.xxl.job.executor.Application [SpringApplication.java : 593] No active profile set, falling back to default profiles: default
2018-07-19 18:41:24,030 INFO [background-preinit] o.h.validator.internal.util.Version [Version.java : 30] HV000001: Hibernate Validator 5.3.6.Final
2018-07-19 18:41:24,185 INFO [main] o.s.b.c.e.AnnotationConfigEmbeddedWebApplicationContext [AbstractApplicationContext.java : 583] Refreshing org.springframework.boot.context.embedded.AnnotationConfigEmbeddedWebApplicationContext@558bdf1f: startup date [Thu Jul 19 18:41:24 CST 2018]; root of context hierarchy
2018-07-19 18:41:25,083 INFO [main] o.s.b.c.e.t.TomcatEmbeddedServletContainer [TomcatEmbeddedServletContainer.java : 89] Tomcat initialized with port(s): 8081 (http)
2018-07-19 18:41:25,090 INFO [main] o.a.catalina.core.StandardService [DirectJDKLog.java : 180] Starting service [Tomcat]
2018-07-19 18:41:25,091 INFO [main] o.a.catalina.core.StandardEngine [DirectJDKLog.java : 180] Starting Servlet Engine: Apache Tomcat/8.5.27
2018-07-19 18:41:25,165 INFO [localhost-startStop-1] o.a.c.c.C.[Tomcat].[localhost].[/] [DirectJDKLog.java : 180] Initializing Spring embedded WebApplicationContext
2018-07-19 18:41:25,165 INFO [localhost-startStop-1] o.s.web.context.ContextLoader [EmbeddedWebApplicationContext.java : 276] Root WebApplicationContext: initialization completed in 980 ms
2018-07-19 18:41:25,261 INFO [localhost-startStop-1] o.s.b.w.s.ServletRegistrationBean [ServletRegistrationBean.java : 190] Mapping servlet: 'dispatcherServlet' to [/]
2018-07-19 18:41:25,264 INFO [localhost-startStop-1] o.s.b.w.s.FilterRegistrationBean [AbstractFilterRegistrationBean.java : 258] Mapping filter: 'characterEncodingFilter' to: [/*]
2018-07-19 18:41:25,265 INFO [localhost-startStop-1] o.s.b.w.s.FilterRegistrationBean [AbstractFilterRegistrationBean.java : 258] Mapping filter: 'hiddenHttpMethodFilter' to: [/*]
2018-07-19 18:41:25,265 INFO [localhost-startStop-1] o.s.b.w.s.FilterRegistrationBean [AbstractFilterRegistrationBean.java : 258] Mapping filter: 'httpPutFormContentFilter' to: [/*]
2018-07-19 18:41:25,265 INFO [localhost-startStop-1] o.s.b.w.s.FilterRegistrationBean [AbstractFilterRegistrationBean.java : 258] Mapping filter: 'requestContextFilter' to: [/*]
2018-07-19 18:41:25,303 INFO [main] c.x.j.e.core.config.XxlJobConfig [XxlJobConfig.java : 45] >>>>>>>>>>> xxl-job config init.
2018-07-19 18:41:25,329 INFO [main] c.x.job.core.executor.XxlJobExecutor [XxlJobExecutor.java : 147] >>>>>>>>>>> xxl-job register jobhandler success, name:demoJobHandler, jobHandler:com.xxl.job.executor.service.jobhandler.DemoJobHandler@1c9e07c6
2018-07-19 18:41:25,329 INFO [main] c.x.job.core.executor.XxlJobExecutor [XxlJobExecutor.java : 147] >>>>>>>>>>> xxl-job register jobhandler success, name:shardingJobHandler, jobHandler:com.xxl.job.executor.service.jobhandler.ShardingJobHandler@73010765
2018-07-19 18:41:25,339 INFO [Thread-6] org.eclipse.jetty.util.log [Log.java : 186] Logging initialized @2968ms
2018-07-19 18:41:25,357 INFO [Thread-6] org.eclipse.jetty.server.Server [Server.java : 327] jetty-9.2.24.v20180105
2018-07-19 18:41:25,399 INFO [Thread-6] o.e.jetty.server.ServerConnector [AbstractConnector.java : 266] Started ServerConnector@5ee823a3{HTTP/1.1}{0.0.0.0:9999}
2018-07-19 18:41:25,400 INFO [Thread-6] org.eclipse.jetty.server.Server [Server.java : 379] Started @3028ms
2018-07-19 18:41:25,400 INFO [Thread-6] c.x.j.c.r.n.jetty.server.JettyServer [JettyServer.java : 47] >>>>>>>>>>> xxl-job jetty server start success at port:9999.
2018-07-19 18:41:25,694 INFO [main] o.s.w.s.m.m.a.RequestMappingHandlerAdapter [RequestMappingHandlerAdapter.java : 534] Looking for @ControllerAdvice: org.springframework.boot.context.embedded.AnnotationConfigEmbeddedWebApplicationContext@558bdf1f: startup date [Thu Jul 19 18:41:24 CST 2018]; root of context hierarchy
2018-07-19 18:41:25,730 ERROR [Thread-10] com.xxl.job.core.util.HttpClientUtil [HttpClientUtil.java : 67] Connect to 127.0.0.1:8080 [/127.0.0.1] failed: Connection refused (Connection refused)
org.apache.http.conn.HttpHostConnectException: Connect to 127.0.0.1:8080 [/127.0.0.1] failed: Connection refused (Connection refused)
	at org.apache.http.impl.conn.DefaultHttpClientConnectionOperator.connect(DefaultHttpClientConnectionOperator.java:159)
	at org.apache.http.impl.conn.PoolingHttpClientConnectionManager.connect(PoolingHttpClientConnectionManager.java:373)
	at org.apache.http.impl.execchain.MainClientExec.establishRoute(MainClientExec.java:381)
	at org.apache.http.impl.execchain.MainClientExec.execute(MainClientExec.java:237)
	at org.apache.http.impl.execchain.ProtocolExec.execute(ProtocolExec.java:185)
	at org.apache.http.impl.execchain.RedirectExec.execute(RedirectExec.java:111)
	at org.apache.http.impl.client.InternalHttpClient.doExecute(InternalHttpClient.java:185)
	at org.apache.http.impl.client.CloseableHttpClient.execute(CloseableHttpClient.java:83)
	at org.apache.http.impl.client.CloseableHttpClient.execute(CloseableHttpClient.java:108)
	at com.xxl.job.core.util.HttpClientUtil.postRequest(HttpClientUtil.java:60)
	at com.xxl.job.core.rpc.netcom.jetty.client.JettyClient.send(JettyClient.java:29)
	at com.xxl.job.core.rpc.netcom.NetComClientProxy$1.invoke(NetComClientProxy.java:57)
	at com.sun.proxy.$Proxy54.registry(Unknown Source)
	at com.xxl.job.core.thread.ExecutorRegistryThread$1.run(ExecutorRegistryThread.java:57)
	at java.lang.Thread.run(Thread.java:748)
Caused by: java.net.ConnectException: Connection refused (Connection refused)
	at java.net.PlainSocketImpl.socketConnect(Native Method)
	at java.net.AbstractPlainSocketImpl.doConnect(AbstractPlainSocketImpl.java:350)
	at java.net.AbstractPlainSocketImpl.connectToAddress(AbstractPlainSocketImpl.java:206)
	at java.net.AbstractPlainSocketImpl.connect(AbstractPlainSocketImpl.java:188)
	at java.net.SocksSocketImpl.connect(SocksSocketImpl.java:392)
	at java.net.Socket.connect(Socket.java:589)
	at org.apache.http.conn.socket.PlainConnectionSocketFactory.connectSocket(PlainConnectionSocketFactory.java:75)
	at org.apache.http.impl.conn.DefaultHttpClientConnectionOperator.connect(DefaultHttpClientConnectionOperator.java:142)
	... 14 common frames omitted
2018-07-19 18:41:25,731 ERROR [Thread-10] c.x.j.c.r.n.jetty.client.JettyClient [JettyClient.java : 40] Connect to 127.0.0.1:8080 [/127.0.0.1] failed: Connection refused (Connection refused)
org.apache.http.conn.HttpHostConnectException: Connect to 127.0.0.1:8080 [/127.0.0.1] failed: Connection refused (Connection refused)
	at org.apache.http.impl.conn.DefaultHttpClientConnectionOperator.connect(DefaultHttpClientConnectionOperator.java:159)
	at org.apache.http.impl.conn.PoolingHttpClientConnectionManager.connect(PoolingHttpClientConnectionManager.java:373)
	at org.apache.http.impl.execchain.MainClientExec.establishRoute(MainClientExec.java:381)
	at org.apache.http.impl.execchain.MainClientExec.execute(MainClientExec.java:237)
	at org.apache.http.impl.execchain.ProtocolExec.execute(ProtocolExec.java:185)
	at org.apache.http.impl.execchain.RedirectExec.execute(RedirectExec.java:111)
	at org.apache.http.impl.client.InternalHttpClient.doExecute(InternalHttpClient.java:185)
	at org.apache.http.impl.client.CloseableHttpClient.execute(CloseableHttpClient.java:83)
	at org.apache.http.impl.client.CloseableHttpClient.execute(CloseableHttpClient.java:108)
	at com.xxl.job.core.util.HttpClientUtil.postRequest(HttpClientUtil.java:60)
	at com.xxl.job.core.rpc.netcom.jetty.client.JettyClient.send(JettyClient.java:29)
	at com.xxl.job.core.rpc.netcom.NetComClientProxy$1.invoke(NetComClientProxy.java:57)
	at com.sun.proxy.$Proxy54.registry(Unknown Source)
	at com.xxl.job.core.thread.ExecutorRegistryThread$1.run(ExecutorRegistryThread.java:57)
	at java.lang.Thread.run(Thread.java:748)
Caused by: java.net.ConnectException: Connection refused (Connection refused)
	at java.net.PlainSocketImpl.socketConnect(Native Method)
	at java.net.AbstractPlainSocketImpl.doConnect(AbstractPlainSocketImpl.java:350)
	at java.net.AbstractPlainSocketImpl.connectToAddress(AbstractPlainSocketImpl.java:206)
	at java.net.AbstractPlainSocketImpl.connect(AbstractPlainSocketImpl.java:188)
	at java.net.SocksSocketImpl.connect(SocksSocketImpl.java:392)
	at java.net.Socket.connect(Socket.java:589)
	at org.apache.http.conn.socket.PlainConnectionSocketFactory.connectSocket(PlainConnectionSocketFactory.java:75)
	at org.apache.http.impl.conn.DefaultHttpClientConnectionOperator.connect(DefaultHttpClientConnectionOperator.java:142)
	... 14 common frames omitted
2018-07-19 18:41:25,731 INFO [Thread-10] c.x.j.c.t.ExecutorRegistryThread [ExecutorRegistryThread.java : 66] >>>>>>>>>>> xxl-job registry error, registryParam:RegistryParam{registGroup='EXECUTOR', registryKey='xxl-job-executor-sample', registryValue='10.17.136.234:9999'}
java.lang.RuntimeException: Client-error:Connect to 127.0.0.1:8080 [/127.0.0.1] failed: Connection refused (Connection refused)
	at com.xxl.job.core.rpc.netcom.NetComClientProxy$1.invoke(NetComClientProxy.java:65)
	at com.sun.proxy.$Proxy54.registry(Unknown Source)
	at com.xxl.job.core.thread.ExecutorRegistryThread$1.run(ExecutorRegistryThread.java:57)
	at java.lang.Thread.run(Thread.java:748)
2018-07-19 18:41:25,750 INFO [main] o.s.w.s.m.m.a.RequestMappingHandlerMapping [AbstractHandlerMethodMapping.java : 543] Mapped "{[/error]}" onto public org.springframework.http.ResponseEntity<java.util.Map<java.lang.String, java.lang.Object>> org.springframework.boot.autoconfigure.web.BasicErrorController.error(javax.servlet.http.HttpServletRequest)
2018-07-19 18:41:25,751 INFO [main] o.s.w.s.m.m.a.RequestMappingHandlerMapping [AbstractHandlerMethodMapping.java : 543] Mapped "{[/error],produces=[text/html]}" onto public org.springframework.web.servlet.ModelAndView org.springframework.boot.autoconfigure.web.BasicErrorController.errorHtml(javax.servlet.http.HttpServletRequest,javax.servlet.http.HttpServletResponse)
2018-07-19 18:41:25,776 INFO [main] o.s.w.s.h.SimpleUrlHandlerMapping [AbstractUrlHandlerMapping.java : 362] Mapped URL path [/webjars/**] onto handler of type [class org.springframework.web.servlet.resource.ResourceHttpRequestHandler]
2018-07-19 18:41:25,777 INFO [main] o.s.w.s.h.SimpleUrlHandlerMapping [AbstractUrlHandlerMapping.java : 362] Mapped URL path [/**] onto handler of type [class org.springframework.web.servlet.resource.ResourceHttpRequestHandler]
2018-07-19 18:41:25,805 INFO [main] o.s.w.s.h.SimpleUrlHandlerMapping [AbstractUrlHandlerMapping.java : 362] Mapped URL path [/**/favicon.ico] onto handler of type [class org.springframework.web.servlet.resource.ResourceHttpRequestHandler]
2018-07-19 18:41:26,289 INFO [main] o.s.j.e.a.AnnotationMBeanExporter [MBeanExporter.java : 431] Registering beans for JMX exposure on startup
2018-07-19 18:41:26,300 INFO [main] o.a.coyote.http11.Http11NioProtocol [DirectJDKLog.java : 180] Initializing ProtocolHandler ["http-nio-8081"]
2018-07-19 18:41:26,307 INFO [main] o.a.coyote.http11.Http11NioProtocol [DirectJDKLog.java : 180] Starting ProtocolHandler ["http-nio-8081"]
2018-07-19 18:41:26,307 INFO [main] o.a.tomcat.util.net.NioSelectorPool [DirectJDKLog.java : 180] Using a shared selector for servlet write/read
2018-07-19 18:41:26,319 INFO [main] o.s.b.c.e.t.TomcatEmbeddedServletContainer [TomcatEmbeddedServletContainer.java : 201] Tomcat started on port(s): 8081 (http)
2018-07-19 18:41:26,322 INFO [main] com.xxl.job.executor.Application [StartupInfoLogger.java : 57] Started Application in 2.744 seconds (JVM running for 3.951)
2018-07-19 18:41:30,156 INFO [Thread-15] o.s.b.c.e.AnnotationConfigEmbeddedWebApplicationContext [AbstractApplicationContext.java : 984] Closing org.springframework.boot.context.embedded.AnnotationConfigEmbeddedWebApplicationContext@558bdf1f: startup date [Thu Jul 19 18:41:24 CST 2018]; root of context hierarchy
2018-07-19 18:41:30,159 INFO [Thread-15] o.s.j.e.a.AnnotationMBeanExporter [MBeanExporter.java : 449] Unregistering JMX-exposed beans on shutdown
2018-07-19 18:41:30,160 ERROR [Thread-10] c.x.j.c.t.ExecutorRegistryThread [ExecutorRegistryThread.java : 77] sleep interrupted
java.lang.InterruptedException: sleep interrupted
	at java.lang.Thread.sleep(Native Method)
	at java.lang.Thread.sleep(Thread.java:340)
	at java.util.concurrent.TimeUnit.sleep(TimeUnit.java:386)
	at com.xxl.job.core.thread.ExecutorRegistryThread$1.run(ExecutorRegistryThread.java:75)
	at java.lang.Thread.run(Thread.java:748)
2018-07-19 18:41:30,165 ERROR [Thread-10] com.xxl.job.core.util.HttpClientUtil [HttpClientUtil.java : 67] Connect to 127.0.0.1:8080 [/127.0.0.1] failed: Connection refused (Connection refused)
org.apache.http.conn.HttpHostConnectException: Connect to 127.0.0.1:8080 [/127.0.0.1] failed: Connection refused (Connection refused)
	at org.apache.http.impl.conn.DefaultHttpClientConnectionOperator.connect(DefaultHttpClientConnectionOperator.java:159)
	at org.apache.http.impl.conn.PoolingHttpClientConnectionManager.connect(PoolingHttpClientConnectionManager.java:373)
	at org.apache.http.impl.execchain.MainClientExec.establishRoute(MainClientExec.java:381)
	at org.apache.http.impl.execchain.MainClientExec.execute(MainClientExec.java:237)
	at org.apache.http.impl.execchain.ProtocolExec.execute(ProtocolExec.java:185)
	at org.apache.http.impl.execchain.RedirectExec.execute(RedirectExec.java:111)
	at org.apache.http.impl.client.InternalHttpClient.doExecute(InternalHttpClient.java:185)
	at org.apache.http.impl.client.CloseableHttpClient.execute(CloseableHttpClient.java:83)
	at org.apache.http.impl.client.CloseableHttpClient.execute(CloseableHttpClient.java:108)
	at com.xxl.job.core.util.HttpClientUtil.postRequest(HttpClientUtil.java:60)
	at com.xxl.job.core.rpc.netcom.jetty.client.JettyClient.send(JettyClient.java:29)
	at com.xxl.job.core.rpc.netcom.NetComClientProxy$1.invoke(NetComClientProxy.java:57)
	at com.sun.proxy.$Proxy54.registryRemove(Unknown Source)
	at com.xxl.job.core.thread.ExecutorRegistryThread$1.run(ExecutorRegistryThread.java:86)
	at java.lang.Thread.run(Thread.java:748)
Caused by: java.net.ConnectException: Connection refused (Connection refused)
	at java.net.PlainSocketImpl.socketConnect(Native Method)
	at java.net.AbstractPlainSocketImpl.doConnect(AbstractPlainSocketImpl.java:350)
	at java.net.AbstractPlainSocketImpl.connectToAddress(AbstractPlainSocketImpl.java:206)
	at java.net.AbstractPlainSocketImpl.connect(AbstractPlainSocketImpl.java:188)
	at java.net.SocksSocketImpl.connect(SocksSocketImpl.java:392)
	at java.net.Socket.connect(Socket.java:589)
	at org.apache.http.conn.socket.PlainConnectionSocketFactory.connectSocket(PlainConnectionSocketFactory.java:75)
	at org.apache.http.impl.conn.DefaultHttpClientConnectionOperator.connect(DefaultHttpClientConnectionOperator.java:142)
	... 14 common frames omitted
2018-07-19 18:41:30,166 ERROR [Thread-10] c.x.j.c.r.n.jetty.client.JettyClient [JettyClient.java : 40] Connect to 127.0.0.1:8080 [/127.0.0.1] failed: Connection refused (Connection refused)
org.apache.http.conn.HttpHostConnectException: Connect to 127.0.0.1:8080 [/127.0.0.1] failed: Connection refused (Connection refused)
	at org.apache.http.impl.conn.DefaultHttpClientConnectionOperator.connect(DefaultHttpClientConnectionOperator.java:159)
	at org.apache.http.impl.conn.PoolingHttpClientConnectionManager.connect(PoolingHttpClientConnectionManager.java:373)
	at org.apache.http.impl.execchain.MainClientExec.establishRoute(MainClientExec.java:381)
	at org.apache.http.impl.execchain.MainClientExec.execute(MainClientExec.java:237)
	at org.apache.http.impl.execchain.ProtocolExec.execute(ProtocolExec.java:185)
	at org.apache.http.impl.execchain.RedirectExec.execute(RedirectExec.java:111)
	at org.apache.http.impl.client.InternalHttpClient.doExecute(InternalHttpClient.java:185)
	at org.apache.http.impl.client.CloseableHttpClient.execute(CloseableHttpClient.java:83)
	at org.apache.http.impl.client.CloseableHttpClient.execute(CloseableHttpClient.java:108)
	at com.xxl.job.core.util.HttpClientUtil.postRequest(HttpClientUtil.java:60)
	at com.xxl.job.core.rpc.netcom.jetty.client.JettyClient.send(JettyClient.java:29)
	at com.xxl.job.core.rpc.netcom.NetComClientProxy$1.invoke(NetComClientProxy.java:57)
	at com.sun.proxy.$Proxy54.registryRemove(Unknown Source)
	at com.xxl.job.core.thread.ExecutorRegistryThread$1.run(ExecutorRegistryThread.java:86)
	at java.lang.Thread.run(Thread.java:748)
Caused by: java.net.ConnectException: Connection refused (Connection refused)
	at java.net.PlainSocketImpl.socketConnect(Native Method)
	at java.net.AbstractPlainSocketImpl.doConnect(AbstractPlainSocketImpl.java:350)
	at java.net.AbstractPlainSocketImpl.connectToAddress(AbstractPlainSocketImpl.java:206)
	at java.net.AbstractPlainSocketImpl.connect(AbstractPlainSocketImpl.java:188)
	at java.net.SocksSocketImpl.connect(SocksSocketImpl.java:392)
	at java.net.Socket.connect(Socket.java:589)
	at org.apache.http.conn.socket.PlainConnectionSocketFactory.connectSocket(PlainConnectionSocketFactory.java:75)
	at org.apache.http.impl.conn.DefaultHttpClientConnectionOperator.connect(DefaultHttpClientConnectionOperator.java:142)
	... 14 common frames omitted
2018-07-19 18:41:30,166 INFO [Thread-10] c.x.j.c.t.ExecutorRegistryThread [ExecutorRegistryThread.java : 95] >>>>>>>>>>> xxl-job registry-remove error, registryParam:RegistryParam{registGroup='EXECUTOR', registryKey='xxl-job-executor-sample', registryValue='10.17.136.234:9999'}
java.lang.RuntimeException: Client-error:Connect to 127.0.0.1:8080 [/127.0.0.1] failed: Connection refused (Connection refused)
	at com.xxl.job.core.rpc.netcom.NetComClientProxy$1.invoke(NetComClientProxy.java:65)
	at com.sun.proxy.$Proxy54.registryRemove(Unknown Source)
	at com.xxl.job.core.thread.ExecutorRegistryThread$1.run(ExecutorRegistryThread.java:86)
	at java.lang.Thread.run(Thread.java:748)
2018-07-19 18:41:30,166 INFO [Thread-10] c.x.j.c.t.ExecutorRegistryThread [ExecutorRegistryThread.java : 102] >>>>>>>>>>> xxl-job, executor registry thread destory.
2018-07-19 18:41:30,166 ERROR [Thread-11] c.x.j.c.thread.TriggerCallbackThread [TriggerCallbackThread.java : 69] null
java.lang.InterruptedException: null
	at java.util.concurrent.locks.AbstractQueuedSynchronizer$ConditionObject.reportInterruptAfterWait(AbstractQueuedSynchronizer.java:2014)
	at java.util.concurrent.locks.AbstractQueuedSynchronizer$ConditionObject.await(AbstractQueuedSynchronizer.java:2048)
	at java.util.concurrent.LinkedBlockingQueue.take(LinkedBlockingQueue.java:442)
	at com.xxl.job.core.thread.TriggerCallbackThread$1.run(TriggerCallbackThread.java:55)
	at java.lang.Thread.run(Thread.java:748)
2018-07-19 18:41:30,167 INFO [Thread-11] c.x.j.c.thread.TriggerCallbackThread [TriggerCallbackThread.java : 83] >>>>>>>>>>> xxl-job, executor callback thread destory.
2018-07-19 18:41:30,177 INFO [Thread-15] o.e.jetty.server.ServerConnector [AbstractConnector.java : 306] Stopped ServerConnector@5ee823a3{HTTP/1.1}{0.0.0.0:9999}
2018-07-19 18:41:30,179 INFO [Thread-15] c.x.j.c.r.n.jetty.server.JettyServer [JettyServer.java : 89] >>>>>>>>>>> xxl-rpc server destroy success, netcon=com.xxl.job.core.rpc.netcom.jetty.server.JettyServer
2018-07-19 18:41:30,179 INFO [Thread-6] c.x.j.c.r.n.jetty.server.JettyServer [JettyServer.java : 56] >>>>>>>>>>> xxl-rpc server join success, netcon=com.xxl.job.core.rpc.netcom.jetty.server.JettyServer, port=9999
2018-07-19 18:42:20,279 INFO [main] com.xxl.job.executor.Application [StartupInfoLogger.java : 48] Starting Application on yangtaodeMacBook-Pro.local with PID 7013 (/Library/Java/workspace/xxl-job-1.9.1/xxl-job-executor-samples/xxl-job-executor-sample-springboot/target/classes started by yangtao in /Library/Java/workspace/xxl-job-1.9.1)
2018-07-19 18:42:20,308 INFO [main] com.xxl.job.executor.Application [SpringApplication.java : 593] No active profile set, falling back to default profiles: default
2018-07-19 18:42:20,470 INFO [background-preinit] o.h.validator.internal.util.Version [Version.java : 30] HV000001: Hibernate Validator 5.3.6.Final
2018-07-19 18:42:20,645 INFO [main] o.s.b.c.e.AnnotationConfigEmbeddedWebApplicationContext [AbstractApplicationContext.java : 583] Refreshing org.springframework.boot.context.embedded.AnnotationConfigEmbeddedWebApplicationContext@3d9c13b5: startup date [Thu Jul 19 18:42:20 CST 2018]; root of context hierarchy
2018-07-19 18:42:21,647 INFO [main] o.s.b.c.e.t.TomcatEmbeddedServletContainer [TomcatEmbeddedServletContainer.java : 89] Tomcat initialized with port(s): 8081 (http)
2018-07-19 18:42:21,658 INFO [main] o.a.catalina.core.StandardService [DirectJDKLog.java : 180] Starting service [Tomcat]
2018-07-19 18:42:21,659 INFO [main] o.a.catalina.core.StandardEngine [DirectJDKLog.java : 180] Starting Servlet Engine: Apache Tomcat/8.5.27
2018-07-19 18:42:21,742 INFO [localhost-startStop-1] o.a.c.c.C.[Tomcat].[localhost].[/] [DirectJDKLog.java : 180] Initializing Spring embedded WebApplicationContext
2018-07-19 18:42:21,743 INFO [localhost-startStop-1] o.s.web.context.ContextLoader [EmbeddedWebApplicationContext.java : 276] Root WebApplicationContext: initialization completed in 1098 ms
2018-07-19 18:42:21,877 INFO [localhost-startStop-1] o.s.b.w.s.ServletRegistrationBean [ServletRegistrationBean.java : 190] Mapping servlet: 'dispatcherServlet' to [/]
2018-07-19 18:42:21,887 INFO [localhost-startStop-1] o.s.b.w.s.FilterRegistrationBean [AbstractFilterRegistrationBean.java : 258] Mapping filter: 'characterEncodingFilter' to: [/*]
2018-07-19 18:42:21,888 INFO [localhost-startStop-1] o.s.b.w.s.FilterRegistrationBean [AbstractFilterRegistrationBean.java : 258] Mapping filter: 'hiddenHttpMethodFilter' to: [/*]
2018-07-19 18:42:21,888 INFO [localhost-startStop-1] o.s.b.w.s.FilterRegistrationBean [AbstractFilterRegistrationBean.java : 258] Mapping filter: 'httpPutFormContentFilter' to: [/*]
2018-07-19 18:42:21,888 INFO [localhost-startStop-1] o.s.b.w.s.FilterRegistrationBean [AbstractFilterRegistrationBean.java : 258] Mapping filter: 'requestContextFilter' to: [/*]
2018-07-19 18:42:21,938 INFO [main] c.x.j.e.core.config.XxlJobConfig [XxlJobConfig.java : 45] >>>>>>>>>>> xxl-job config init.
2018-07-19 18:42:21,973 INFO [main] c.x.job.core.executor.XxlJobExecutor [XxlJobExecutor.java : 147] >>>>>>>>>>> xxl-job register jobhandler success, name:demoJobHandler, jobHandler:com.xxl.job.executor.service.jobhandler.DemoJobHandler@35eb4a3b
2018-07-19 18:42:21,974 INFO [main] c.x.job.core.executor.XxlJobExecutor [XxlJobExecutor.java : 147] >>>>>>>>>>> xxl-job register jobhandler success, name:shardingJobHandler, jobHandler:com.xxl.job.executor.service.jobhandler.ShardingJobHandler@64b3b1ce
2018-07-19 18:42:21,989 INFO [Thread-7] org.eclipse.jetty.util.log [Log.java : 186] Logging initialized @3283ms
2018-07-19 18:42:22,012 INFO [Thread-7] org.eclipse.jetty.server.Server [Server.java : 327] jetty-9.2.24.v20180105
2018-07-19 18:42:22,057 INFO [Thread-7] o.e.jetty.server.ServerConnector [AbstractConnector.java : 266] Started ServerConnector@3f036201{HTTP/1.1}{0.0.0.0:9999}
2018-07-19 18:42:22,058 INFO [Thread-7] org.eclipse.jetty.server.Server [Server.java : 379] Started @3352ms
2018-07-19 18:42:22,058 INFO [Thread-7] c.x.j.c.r.n.jetty.server.JettyServer [JettyServer.java : 47] >>>>>>>>>>> xxl-job jetty server start success at port:9999.
2018-07-19 18:42:22,380 INFO [main] o.s.w.s.m.m.a.RequestMappingHandlerAdapter [RequestMappingHandlerAdapter.java : 534] Looking for @ControllerAdvice: org.springframework.boot.context.embedded.AnnotationConfigEmbeddedWebApplicationContext@3d9c13b5: startup date [Thu Jul 19 18:42:20 CST 2018]; root of context hierarchy
2018-07-19 18:42:22,447 INFO [main] o.s.w.s.m.m.a.RequestMappingHandlerMapping [AbstractHandlerMethodMapping.java : 543] Mapped "{[/error]}" onto public org.springframework.http.ResponseEntity<java.util.Map<java.lang.String, java.lang.Object>> org.springframework.boot.autoconfigure.web.BasicErrorController.error(javax.servlet.http.HttpServletRequest)
2018-07-19 18:42:22,448 INFO [main] o.s.w.s.m.m.a.RequestMappingHandlerMapping [AbstractHandlerMethodMapping.java : 543] Mapped "{[/error],produces=[text/html]}" onto public org.springframework.web.servlet.ModelAndView org.springframework.boot.autoconfigure.web.BasicErrorController.errorHtml(javax.servlet.http.HttpServletRequest,javax.servlet.http.HttpServletResponse)
2018-07-19 18:42:22,480 INFO [main] o.s.w.s.h.SimpleUrlHandlerMapping [AbstractUrlHandlerMapping.java : 362] Mapped URL path [/webjars/**] onto handler of type [class org.springframework.web.servlet.resource.ResourceHttpRequestHandler]
2018-07-19 18:42:22,481 INFO [main] o.s.w.s.h.SimpleUrlHandlerMapping [AbstractUrlHandlerMapping.java : 362] Mapped URL path [/**] onto handler of type [class org.springframework.web.servlet.resource.ResourceHttpRequestHandler]
2018-07-19 18:42:22,522 INFO [main] o.s.w.s.h.SimpleUrlHandlerMapping [AbstractUrlHandlerMapping.java : 362] Mapped URL path [/**/favicon.ico] onto handler of type [class org.springframework.web.servlet.resource.ResourceHttpRequestHandler]
2018-07-19 18:42:22,599 INFO [Thread-11] c.x.j.c.t.ExecutorRegistryThread [ExecutorRegistryThread.java : 60] >>>>>>>>>>> xxl-job registry success, registryParam:RegistryParam{registGroup='EXECUTOR', registryKey='xxl-job-executor-sample', registryValue='10.17.136.234:9999'}, registryResult:ReturnT [code=200, msg=null, content=null]
2018-07-19 18:42:23,122 INFO [main] o.s.j.e.a.AnnotationMBeanExporter [MBeanExporter.java : 431] Registering beans for JMX exposure on startup
2018-07-19 18:42:23,139 INFO [main] o.a.coyote.http11.Http11NioProtocol [DirectJDKLog.java : 180] Initializing ProtocolHandler ["http-nio-8081"]
2018-07-19 18:42:23,147 INFO [main] o.a.coyote.http11.Http11NioProtocol [DirectJDKLog.java : 180] Starting ProtocolHandler ["http-nio-8081"]
2018-07-19 18:42:23,147 INFO [main] o.a.tomcat.util.net.NioSelectorPool [DirectJDKLog.java : 180] Using a shared selector for servlet write/read
2018-07-19 18:42:23,166 INFO [main] o.s.b.c.e.t.TomcatEmbeddedServletContainer [TomcatEmbeddedServletContainer.java : 201] Tomcat started on port(s): 8081 (http)
2018-07-19 18:42:23,170 INFO [main] com.xxl.job.executor.Application [StartupInfoLogger.java : 57] Started Application in 3.441 seconds (JVM running for 4.464)
2018-07-19 18:42:52,620 INFO [Thread-11] c.x.j.c.t.ExecutorRegistryThread [ExecutorRegistryThread.java : 60] >>>>>>>>>>> xxl-job registry success, registryParam:RegistryParam{registGroup='EXECUTOR', registryKey='xxl-job-executor-sample', registryValue='10.17.136.234:9999'}, registryResult:ReturnT [code=200, msg=null, content=null]
2018-07-19 18:43:22,644 INFO [Thread-11] c.x.j.c.t.ExecutorRegistryThread [ExecutorRegistryThread.java : 60] >>>>>>>>>>> xxl-job registry success, registryParam:RegistryParam{registGroup='EXECUTOR', registryKey='xxl-job-executor-sample', registryValue='10.17.136.234:9999'}, registryResult:ReturnT [code=200, msg=null, content=null]
2018-07-19 18:43:52,662 INFO [Thread-11] c.x.j.c.t.ExecutorRegistryThread [ExecutorRegistryThread.java : 60] >>>>>>>>>>> xxl-job registry success, registryParam:RegistryParam{registGroup='EXECUTOR', registryKey='xxl-job-executor-sample', registryValue='10.17.136.234:9999'}, registryResult:ReturnT [code=200, msg=null, content=null]
2018-07-19 18:44:22,679 INFO [Thread-11] c.x.j.c.t.ExecutorRegistryThread [ExecutorRegistryThread.java : 60] >>>>>>>>>>> xxl-job registry success, registryParam:RegistryParam{registGroup='EXECUTOR', registryKey='xxl-job-executor-sample', registryValue='10.17.136.234:9999'}, registryResult:ReturnT [code=200, msg=null, content=null]
2018-07-19 18:44:52,697 INFO [Thread-11] c.x.j.c.t.ExecutorRegistryThread [ExecutorRegistryThread.java : 60] >>>>>>>>>>> xxl-job registry success, registryParam:RegistryParam{registGroup='EXECUTOR', registryKey='xxl-job-executor-sample', registryValue='10.17.136.234:9999'}, registryResult:ReturnT [code=200, msg=null, content=null]
2018-07-19 18:45:13,547 INFO [pool-2-thread-4] c.x.job.core.executor.XxlJobExecutor [XxlJobExecutor.java : 181] >>>>>>>>>>> xxl-job regist JobThread success, jobId:1, handler:com.xxl.job.executor.service.jobhandler.DemoJobHandler@35eb4a3b
2018-07-19 18:45:13,553 ERROR [Thread-21] c.x.job.core.log.XxlJobFileAppender [XxlJobFileAppender.java : 106] No such file or directory
java.io.IOException: No such file or directory
	at java.io.UnixFileSystem.createFileExclusively(Native Method)
	at java.io.File.createNewFile(File.java:1012)
	at com.xxl.job.core.log.XxlJobFileAppender.appendLog(XxlJobFileAppender.java:104)
	at com.xxl.job.core.log.XxlJobLogger.logDetail(XxlJobLogger.java:43)
	at com.xxl.job.core.log.XxlJobLogger.log(XxlJobLogger.java:63)
	at com.xxl.job.core.thread.JobThread.run(JobThread.java:123)
2018-07-19 18:45:13,553 ERROR [Thread-21] c.x.job.core.log.XxlJobFileAppender [XxlJobFileAppender.java : 106] No such file or directory
java.io.IOException: No such file or directory
	at java.io.UnixFileSystem.createFileExclusively(Native Method)
	at java.io.File.createNewFile(File.java:1012)
	at com.xxl.job.core.log.XxlJobFileAppender.appendLog(XxlJobFileAppender.java:104)
	at com.xxl.job.core.log.XxlJobLogger.logDetail(XxlJobLogger.java:43)
	at com.xxl.job.core.log.XxlJobLogger.log(XxlJobLogger.java:63)
	at com.xxl.job.executor.service.jobhandler.DemoJobHandler.execute(DemoJobHandler.java:29)
	at com.xxl.job.core.thread.JobThread.run(JobThread.java:124)
2018-07-19 18:45:13,554 ERROR [Thread-21] c.x.job.core.log.XxlJobFileAppender [XxlJobFileAppender.java : 106] No such file or directory
java.io.IOException: No such file or directory
	at java.io.UnixFileSystem.createFileExclusively(Native Method)
	at java.io.File.createNewFile(File.java:1012)
	at com.xxl.job.core.log.XxlJobFileAppender.appendLog(XxlJobFileAppender.java:104)
	at com.xxl.job.core.log.XxlJobLogger.logDetail(XxlJobLogger.java:43)
	at com.xxl.job.core.log.XxlJobLogger.log(XxlJobLogger.java:63)
	at com.xxl.job.executor.service.jobhandler.DemoJobHandler.execute(DemoJobHandler.java:32)
	at com.xxl.job.core.thread.JobThread.run(JobThread.java:124)
2018-07-19 18:45:15,559 ERROR [Thread-21] c.x.job.core.log.XxlJobFileAppender [XxlJobFileAppender.java : 106] No such file or directory
java.io.IOException: No such file or directory
	at java.io.UnixFileSystem.createFileExclusively(Native Method)
	at java.io.File.createNewFile(File.java:1012)
	at com.xxl.job.core.log.XxlJobFileAppender.appendLog(XxlJobFileAppender.java:104)
	at com.xxl.job.core.log.XxlJobLogger.logDetail(XxlJobLogger.java:43)
	at com.xxl.job.core.log.XxlJobLogger.log(XxlJobLogger.java:63)
	at com.xxl.job.executor.service.jobhandler.DemoJobHandler.execute(DemoJobHandler.java:32)
	at com.xxl.job.core.thread.JobThread.run(JobThread.java:124)
2018-07-19 18:45:17,564 ERROR [Thread-21] c.x.job.core.log.XxlJobFileAppender [XxlJobFileAppender.java : 106] No such file or directory
java.io.IOException: No such file or directory
	at java.io.UnixFileSystem.createFileExclusively(Native Method)
	at java.io.File.createNewFile(File.java:1012)
	at com.xxl.job.core.log.XxlJobFileAppender.appendLog(XxlJobFileAppender.java:104)
	at com.xxl.job.core.log.XxlJobLogger.logDetail(XxlJobLogger.java:43)
	at com.xxl.job.core.log.XxlJobLogger.log(XxlJobLogger.java:63)
	at com.xxl.job.executor.service.jobhandler.DemoJobHandler.execute(DemoJobHandler.java:32)
	at com.xxl.job.core.thread.JobThread.run(JobThread.java:124)
2018-07-19 18:45:19,569 ERROR [Thread-21] c.x.job.core.log.XxlJobFileAppender [XxlJobFileAppender.java : 106] No such file or directory
java.io.IOException: No such file or directory
	at java.io.UnixFileSystem.createFileExclusively(Native Method)
	at java.io.File.createNewFile(File.java:1012)
	at com.xxl.job.core.log.XxlJobFileAppender.appendLog(XxlJobFileAppender.java:104)
	at com.xxl.job.core.log.XxlJobLogger.logDetail(XxlJobLogger.java:43)
	at com.xxl.job.core.log.XxlJobLogger.log(XxlJobLogger.java:63)
	at com.xxl.job.executor.service.jobhandler.DemoJobHandler.execute(DemoJobHandler.java:32)
	at com.xxl.job.core.thread.JobThread.run(JobThread.java:124)
2018-07-19 18:45:21,572 ERROR [Thread-21] c.x.job.core.log.XxlJobFileAppender [XxlJobFileAppender.java : 106] No such file or directory
java.io.IOException: No such file or directory
	at java.io.UnixFileSystem.createFileExclusively(Native Method)
	at java.io.File.createNewFile(File.java:1012)
	at com.xxl.job.core.log.XxlJobFileAppender.appendLog(XxlJobFileAppender.java:104)
	at com.xxl.job.core.log.XxlJobLogger.logDetail(XxlJobLogger.java:43)
	at com.xxl.job.core.log.XxlJobLogger.log(XxlJobLogger.java:63)
	at com.xxl.job.executor.service.jobhandler.DemoJobHandler.execute(DemoJobHandler.java:32)
	at com.xxl.job.core.thread.JobThread.run(JobThread.java:124)
2018-07-19 18:45:22,716 INFO [Thread-11] c.x.j.c.t.ExecutorRegistryThread [ExecutorRegistryThread.java : 60] >>>>>>>>>>> xxl-job registry success, registryParam:RegistryParam{registGroup='EXECUTOR', registryKey='xxl-job-executor-sample', registryValue='10.17.136.234:9999'}, registryResult:ReturnT [code=200, msg=null, content=null]
2018-07-19 18:45:23,577 ERROR [Thread-21] c.x.job.core.log.XxlJobFileAppender [XxlJobFileAppender.java : 106] No such file or directory
java.io.IOException: No such file or directory
	at java.io.UnixFileSystem.createFileExclusively(Native Method)
	at java.io.File.createNewFile(File.java:1012)
	at com.xxl.job.core.log.XxlJobFileAppender.appendLog(XxlJobFileAppender.java:104)
	at com.xxl.job.core.log.XxlJobLogger.logDetail(XxlJobLogger.java:43)
	at com.xxl.job.core.log.XxlJobLogger.log(XxlJobLogger.java:63)
	at com.xxl.job.core.thread.JobThread.run(JobThread.java:128)
2018-07-19 18:45:23,596 INFO [Thread-12] c.x.j.c.thread.TriggerCallbackThread [TriggerCallbackThread.java : 112] >>>>>>>>>>> xxl-job callback success, callbackParamList:[HandleCallbackParam{logId=1, executeResult=ReturnT [code=200, msg=null, content=null]}], callbackResult:ReturnT [code=200, msg=null, content=null]
2018-07-19 18:45:42,713 INFO [Thread-16] o.s.b.c.e.AnnotationConfigEmbeddedWebApplicationContext [AbstractApplicationContext.java : 984] Closing org.springframework.boot.context.embedded.AnnotationConfigEmbeddedWebApplicationContext@3d9c13b5: startup date [Thu Jul 19 18:42:20 CST 2018]; root of context hierarchy
2018-07-19 18:45:42,726 INFO [Thread-16] o.s.j.e.a.AnnotationMBeanExporter [MBeanExporter.java : 449] Unregistering JMX-exposed beans on shutdown
2018-07-19 18:45:42,727 ERROR [Thread-11] c.x.j.c.t.ExecutorRegistryThread [ExecutorRegistryThread.java : 77] sleep interrupted
java.lang.InterruptedException: sleep interrupted
	at java.lang.Thread.sleep(Native Method)
	at java.lang.Thread.sleep(Thread.java:340)
	at java.util.concurrent.TimeUnit.sleep(TimeUnit.java:386)
	at com.xxl.job.core.thread.ExecutorRegistryThread$1.run(ExecutorRegistryThread.java:75)
	at java.lang.Thread.run(Thread.java:748)
2018-07-19 18:45:42,727 ERROR [Thread-21] c.x.job.core.log.XxlJobFileAppender [XxlJobFileAppender.java : 106] No such file or directory
java.io.IOException: No such file or directory
	at java.io.UnixFileSystem.createFileExclusively(Native Method)
	at java.io.File.createNewFile(File.java:1012)
	at com.xxl.job.core.log.XxlJobFileAppender.appendLog(XxlJobFileAppender.java:104)
	at com.xxl.job.core.log.XxlJobLogger.logDetail(XxlJobLogger.java:43)
	at com.xxl.job.core.log.XxlJobLogger.log(XxlJobLogger.java:63)
	at com.xxl.job.core.thread.JobThread.run(JobThread.java:137)
2018-07-19 18:45:42,734 ERROR [Thread-21] c.x.job.core.log.XxlJobFileAppender [XxlJobFileAppender.java : 106] No such file or directory
java.io.IOException: No such file or directory
	at java.io.UnixFileSystem.createFileExclusively(Native Method)
	at java.io.File.createNewFile(File.java:1012)
	at com.xxl.job.core.log.XxlJobFileAppender.appendLog(XxlJobFileAppender.java:104)
	at com.xxl.job.core.log.XxlJobLogger.logDetail(XxlJobLogger.java:43)
	at com.xxl.job.core.log.XxlJobLogger.log(XxlJobLogger.java:63)
	at com.xxl.job.core.thread.JobThread.run(JobThread.java:145)
2018-07-19 18:45:42,734 INFO [Thread-21] com.xxl.job.core.thread.JobThread [JobThread.java : 178] >>>>>>>>>>> xxl-job JobThread stoped, hashCode:Thread[Thread-21,5,main]
2018-07-19 18:45:42,756 INFO [Thread-11] c.x.j.c.t.ExecutorRegistryThread [ExecutorRegistryThread.java : 89] >>>>>>>>>>> xxl-job registry-remove success, registryParam:RegistryParam{registGroup='EXECUTOR', registryKey='xxl-job-executor-sample', registryValue='10.17.136.234:9999'}, registryResult:ReturnT [code=200, msg=null, content=null]
2018-07-19 18:45:42,757 INFO [Thread-11] c.x.j.c.t.ExecutorRegistryThread [ExecutorRegistryThread.java : 102] >>>>>>>>>>> xxl-job, executor registry thread destory.
2018-07-19 18:45:42,758 ERROR [Thread-12] c.x.j.c.thread.TriggerCallbackThread [TriggerCallbackThread.java : 69] null
java.lang.InterruptedException: null
	at java.util.concurrent.locks.AbstractQueuedSynchronizer$ConditionObject.reportInterruptAfterWait(AbstractQueuedSynchronizer.java:2014)
	at java.util.concurrent.locks.AbstractQueuedSynchronizer$ConditionObject.await(AbstractQueuedSynchronizer.java:2048)
	at java.util.concurrent.LinkedBlockingQueue.take(LinkedBlockingQueue.java:442)
	at com.xxl.job.core.thread.TriggerCallbackThread$1.run(TriggerCallbackThread.java:55)
	at java.lang.Thread.run(Thread.java:748)
2018-07-19 18:45:42,759 INFO [Thread-12] c.x.j.c.thread.TriggerCallbackThread [TriggerCallbackThread.java : 83] >>>>>>>>>>> xxl-job, executor callback thread destory.
2018-07-19 18:45:42,774 INFO [Thread-16] o.e.jetty.server.ServerConnector [AbstractConnector.java : 306] Stopped ServerConnector@3f036201{HTTP/1.1}{0.0.0.0:9999}
2018-07-19 18:45:42,774 INFO [Thread-16] c.x.j.c.r.n.jetty.server.JettyServer [JettyServer.java : 89] >>>>>>>>>>> xxl-rpc server destroy success, netcon=com.xxl.job.core.rpc.netcom.jetty.server.JettyServer
2018-07-19 18:45:42,775 ERROR [Thread-7] c.x.j.c.r.n.jetty.server.JettyServer [JettyServer.java : 58] null
java.lang.InterruptedException: null
	at java.util.concurrent.locks.AbstractQueuedSynchronizer$ConditionObject.reportInterruptAfterWait(AbstractQueuedSynchronizer.java:2014)
	at java.util.concurrent.locks.AbstractQueuedSynchronizer$ConditionObject.awaitNanos(AbstractQueuedSynchronizer.java:2088)
	at java.util.concurrent.ThreadPoolExecutor.awaitTermination(ThreadPoolExecutor.java:1475)
	at org.eclipse.jetty.util.thread.ExecutorThreadPool.join(ExecutorThreadPool.java:182)
	at org.eclipse.jetty.server.Server.join(Server.java:556)
	at com.xxl.job.core.rpc.netcom.jetty.server.JettyServer$1.run(JettyServer.java:55)
	at java.lang.Thread.run(Thread.java:748)
